{"C:\\Users\\chshi\\.vscode\\Namaste-React\\src\\components\\Body.js": {"path":"C:\\Users\\chshi\\.vscode\\Namaste-React\\src\\components\\Body.js","statementMap":{"0":{"start":{"line":8,"column":13},"end":{"line":82,"column":1}},"1":{"start":{"line":10,"column":52},"end":{"line":10,"column":64}},"2":{"start":{"line":11,"column":54},"end":{"line":11,"column":66}},"3":{"start":{"line":13,"column":38},"end":{"line":13,"column":50}},"4":{"start":{"line":16,"column":2},"end":{"line":18,"column":9}},"5":{"start":{"line":17,"column":4},"end":{"line":17,"column":16}},"6":{"start":{"line":20,"column":20},"end":{"line":28,"column":3}},"7":{"start":{"line":21,"column":17},"end":{"line":21,"column":164}},"8":{"start":{"line":23,"column":17},"end":{"line":23,"column":34}},"9":{"start":{"line":24,"column":4},"end":{"line":24,"column":22}},"10":{"start":{"line":26,"column":4},"end":{"line":26,"column":101}},"11":{"start":{"line":27,"column":4},"end":{"line":27,"column":102}},"12":{"start":{"line":30,"column":23},"end":{"line":30,"column":40}},"13":{"start":{"line":32,"column":2},"end":{"line":32,"column":110}},"14":{"start":{"line":32,"column":29},"end":{"line":32,"column":110}},"15":{"start":{"line":34,"column":39},"end":{"line":34,"column":62}},"16":{"start":{"line":37,"column":2},"end":{"line":81,"column":4}},"17":{"start":{"line":43,"column":12},"end":{"line":43,"column":42}},"18":{"start":{"line":47,"column":39},"end":{"line":49,"column":13}},"19":{"start":{"line":48,"column":12},"end":{"line":48,"column":74}},"20":{"start":{"line":50,"column":12},"end":{"line":50,"column":54}},"21":{"start":{"line":60,"column":35},"end":{"line":62,"column":15}},"22":{"start":{"line":61,"column":15},"end":{"line":61,"column":39}},"23":{"start":{"line":63,"column":14},"end":{"line":63,"column":49}},"24":{"start":{"line":70,"column":26},"end":{"line":70,"column":53}},"25":{"start":{"line":75,"column":10},"end":{"line":77,"column":57}}},"fnMap":{"0":{"name":"(anonymous_0)","decl":{"start":{"line":8,"column":13},"end":{"line":8,"column":14}},"loc":{"start":{"line":8,"column":19},"end":{"line":82,"column":1}},"line":8},"1":{"name":"(anonymous_1)","decl":{"start":{"line":16,"column":12},"end":{"line":16,"column":13}},"loc":{"start":{"line":16,"column":18},"end":{"line":18,"column":3}},"line":16},"2":{"name":"(anonymous_2)","decl":{"start":{"line":20,"column":20},"end":{"line":20,"column":21}},"loc":{"start":{"line":20,"column":32},"end":{"line":28,"column":3}},"line":20},"3":{"name":"(anonymous_3)","decl":{"start":{"line":42,"column":20},"end":{"line":42,"column":21}},"loc":{"start":{"line":42,"column":25},"end":{"line":44,"column":11}},"line":42},"4":{"name":"(anonymous_4)","decl":{"start":{"line":46,"column":19},"end":{"line":46,"column":20}},"loc":{"start":{"line":46,"column":23},"end":{"line":52,"column":11}},"line":46},"5":{"name":"(anonymous_5)","decl":{"start":{"line":47,"column":64},"end":{"line":47,"column":65}},"loc":{"start":{"line":48,"column":12},"end":{"line":48,"column":74}},"line":48},"6":{"name":"(anonymous_6)","decl":{"start":{"line":59,"column":21},"end":{"line":59,"column":22}},"loc":{"start":{"line":59,"column":27},"end":{"line":64,"column":13}},"line":59},"7":{"name":"(anonymous_7)","decl":{"start":{"line":60,"column":60},"end":{"line":60,"column":61}},"loc":{"start":{"line":61,"column":15},"end":{"line":61,"column":39}},"line":61},"8":{"name":"(anonymous_8)","decl":{"start":{"line":70,"column":20},"end":{"line":70,"column":21}},"loc":{"start":{"line":70,"column":26},"end":{"line":70,"column":53}},"line":70},"9":{"name":"(anonymous_9)","decl":{"start":{"line":74,"column":32},"end":{"line":74,"column":33}},"loc":{"start":{"line":75,"column":10},"end":{"line":77,"column":57}},"line":75}},"branchMap":{"0":{"loc":{"start":{"line":32,"column":2},"end":{"line":32,"column":110}},"type":"if","locations":[{"start":{"line":32,"column":2},"end":{"line":32,"column":110}},{"start":{},"end":{}}],"line":32},"1":{"loc":{"start":{"line":37,"column":9},"end":{"line":81,"column":3}},"type":"cond-expr","locations":[{"start":{"line":37,"column":42},"end":{"line":37,"column":53}},{"start":{"line":38,"column":4},"end":{"line":80,"column":10}}],"line":37}},"s":{"0":1,"1":4,"2":4,"3":4,"4":4,"5":1,"6":4,"7":1,"8":1,"9":1,"10":1,"11":1,"12":4,"13":4,"14":0,"15":4,"16":4,"17":1,"18":1,"19":9,"20":1,"21":0,"22":0,"23":0,"24":0,"25":19},"f":{"0":4,"1":1,"2":1,"3":1,"4":1,"5":9,"6":0,"7":0,"8":0,"9":19},"b":{"0":[0,4],"1":[1,3]},"_coverageSchema":"1a1c01bbd47fc00a2c39e90264f33305004495a9","hash":"525553d196e3c053cbd9e7ec7bc69e03911a6221"}
,"C:\\Users\\chshi\\.vscode\\Namaste-React\\src\\components\\Header.js": {"path":"C:\\Users\\chshi\\.vscode\\Namaste-React\\src\\components\\Header.js","statementMap":{"0":{"start":{"line":8,"column":15},"end":{"line":48,"column":3}},"1":{"start":{"line":9,"column":42},"end":{"line":9,"column":59}},"2":{"start":{"line":11,"column":23},"end":{"line":11,"column":40}},"3":{"start":{"line":13,"column":25},"end":{"line":13,"column":48}},"4":{"start":{"line":16,"column":20},"end":{"line":16,"column":59}},"5":{"start":{"line":16,"column":42},"end":{"line":16,"column":58}},"6":{"start":{"line":17,"column":2},"end":{"line":17,"column":25}},"7":{"start":{"line":19,"column":4},"end":{"line":47,"column":6}},"8":{"start":{"line":38,"column":14},"end":{"line":38,"column":94}}},"fnMap":{"0":{"name":"(anonymous_0)","decl":{"start":{"line":8,"column":15},"end":{"line":8,"column":16}},"loc":{"start":{"line":8,"column":21},"end":{"line":48,"column":3}},"line":8},"1":{"name":"(anonymous_1)","decl":{"start":{"line":16,"column":32},"end":{"line":16,"column":33}},"loc":{"start":{"line":16,"column":42},"end":{"line":16,"column":58}},"line":16},"2":{"name":"(anonymous_2)","decl":{"start":{"line":37,"column":21},"end":{"line":37,"column":22}},"loc":{"start":{"line":37,"column":25},"end":{"line":39,"column":13}},"line":37}},"branchMap":{"0":{"loc":{"start":{"line":30,"column":49},"end":{"line":30,"column":74}},"type":"cond-expr","locations":[{"start":{"line":30,"column":64},"end":{"line":30,"column":67}},{"start":{"line":30,"column":70},"end":{"line":30,"column":74}}],"line":30},"1":{"loc":{"start":{"line":38,"column":14},"end":{"line":38,"column":93}},"type":"cond-expr","locations":[{"start":{"line":38,"column":41},"end":{"line":38,"column":66}},{"start":{"line":38,"column":69},"end":{"line":38,"column":93}}],"line":38}},"s":{"0":1,"1":5,"2":5,"3":5,"4":5,"5":9,"6":5,"7":5,"8":1},"f":{"0":5,"1":9,"2":1},"b":{"0":[5,0],"1":[1,0]},"_coverageSchema":"1a1c01bbd47fc00a2c39e90264f33305004495a9","hash":"11b53af5818f61bc06ce653e31d903615d580143"}
,"C:\\Users\\chshi\\.vscode\\Namaste-React\\src\\components\\RestaurantCard.js": {"path":"C:\\Users\\chshi\\.vscode\\Namaste-React\\src\\components\\RestaurantCard.js","statementMap":{"0":{"start":{"line":3,"column":23},"end":{"line":32,"column":3}},"1":{"start":{"line":4,"column":24},"end":{"line":4,"column":29}},"2":{"start":{"line":13,"column":8},"end":{"line":13,"column":21}},"3":{"start":{"line":16,"column":4},"end":{"line":31,"column":6}}},"fnMap":{"0":{"name":"(anonymous_0)","decl":{"start":{"line":3,"column":23},"end":{"line":3,"column":24}},"loc":{"start":{"line":3,"column":34},"end":{"line":32,"column":3}},"line":3}},"branchMap":{},"s":{"0":2,"1":20,"2":20,"3":20},"f":{"0":20},"b":{},"_coverageSchema":"1a1c01bbd47fc00a2c39e90264f33305004495a9","hash":"81114df229ce12652cf12d6de6dae5e8c220f0db"}
,"C:\\Users\\chshi\\.vscode\\Namaste-React\\src\\components\\Shimmer.js": {"path":"C:\\Users\\chshi\\.vscode\\Namaste-React\\src\\components\\Shimmer.js","statementMap":{"0":{"start":{"line":1,"column":16},"end":{"line":19,"column":1}},"1":{"start":{"line":2,"column":4},"end":{"line":18,"column":12}}},"fnMap":{"0":{"name":"(anonymous_0)","decl":{"start":{"line":1,"column":16},"end":{"line":1,"column":17}},"loc":{"start":{"line":1,"column":21},"end":{"line":19,"column":1}},"line":1}},"branchMap":{},"s":{"0":1,"1":1},"f":{"0":1},"b":{},"_coverageSchema":"1a1c01bbd47fc00a2c39e90264f33305004495a9","hash":"ca4d49dc6a0ae1ef82827d360fd199394e708ab0"}
,"C:\\Users\\chshi\\.vscode\\Namaste-React\\src\\components\\sum.js": {"path":"C:\\Users\\chshi\\.vscode\\Namaste-React\\src\\components\\sum.js","statementMap":{"0":{"start":{"line":1,"column":19},"end":{"line":3,"column":1}},"1":{"start":{"line":2,"column":4},"end":{"line":2,"column":17}}},"fnMap":{"0":{"name":"(anonymous_0)","decl":{"start":{"line":1,"column":19},"end":{"line":1,"column":20}},"loc":{"start":{"line":1,"column":28},"end":{"line":3,"column":1}},"line":1}},"branchMap":{},"s":{"0":1,"1":1},"f":{"0":1},"b":{},"_coverageSchema":"1a1c01bbd47fc00a2c39e90264f33305004495a9","hash":"1e670f6ace170735e1aa48c20ba027764aea0d8d"}
,"C:\\Users\\chshi\\.vscode\\Namaste-React\\src\\utils\\UserContext.js": {"path":"C:\\Users\\chshi\\.vscode\\Namaste-React\\src\\utils\\UserContext.js","statementMap":{"0":{"start":{"line":3,"column":20},"end":{"line":5,"column":2}}},"fnMap":{},"branchMap":{},"s":{"0":2},"f":{},"b":{},"_coverageSchema":"1a1c01bbd47fc00a2c39e90264f33305004495a9","hash":"4ce80987bddf4175d37d808d08935a40d118e9be"}
,"C:\\Users\\chshi\\.vscode\\Namaste-React\\src\\utils\\appStore.js": {"path":"C:\\Users\\chshi\\.vscode\\Namaste-React\\src\\utils\\appStore.js","statementMap":{"0":{"start":{"line":4,"column":17},"end":{"line":8,"column":2}}},"fnMap":{},"branchMap":{},"s":{"0":1},"f":{},"b":{},"_coverageSchema":"1a1c01bbd47fc00a2c39e90264f33305004495a9","hash":"ff71b69452ea70d8fde665249176bd55181bb1a1"}
,"C:\\Users\\chshi\\.vscode\\Namaste-React\\src\\utils\\cartSlice.js": {"path":"C:\\Users\\chshi\\.vscode\\Namaste-React\\src\\utils\\cartSlice.js","statementMap":{"0":{"start":{"line":4,"column":18},"end":{"line":22,"column":2}},"1":{"start":{"line":12,"column":12},"end":{"line":12,"column":45}},"2":{"start":{"line":15,"column":12},"end":{"line":15,"column":30}},"3":{"start":{"line":18,"column":12},"end":{"line":18,"column":35}},"4":{"start":{"line":24,"column":49},"end":{"line":24,"column":66}}},"fnMap":{"0":{"name":"(anonymous_0)","decl":{"start":{"line":10,"column":18},"end":{"line":10,"column":19}},"loc":{"start":{"line":10,"column":35},"end":{"line":13,"column":9}},"line":10},"1":{"name":"(anonymous_1)","decl":{"start":{"line":14,"column":20},"end":{"line":14,"column":21}},"loc":{"start":{"line":14,"column":30},"end":{"line":16,"column":9}},"line":14},"2":{"name":"(anonymous_2)","decl":{"start":{"line":17,"column":19},"end":{"line":17,"column":20}},"loc":{"start":{"line":17,"column":29},"end":{"line":19,"column":9}},"line":17}},"branchMap":{},"s":{"0":1,"1":0,"2":0,"3":0,"4":1},"f":{"0":0,"1":0,"2":0},"b":{},"_coverageSchema":"1a1c01bbd47fc00a2c39e90264f33305004495a9","hash":"5c379b18415b122f5a90badb3182e35bc939dbb1"}
,"C:\\Users\\chshi\\.vscode\\Namaste-React\\src\\utils\\constants.js": {"path":"C:\\Users\\chshi\\.vscode\\Namaste-React\\src\\utils\\constants.js","statementMap":{"0":{"start":{"line":1,"column":23},"end":{"line":1,"column":114}},"1":{"start":{"line":3,"column":24},"end":{"line":3,"column":151}},"2":{"start":{"line":5,"column":24},"end":{"line":5,"column":143}}},"fnMap":{},"branchMap":{},"s":{"0":3,"1":3,"2":3},"f":{},"b":{},"_coverageSchema":"1a1c01bbd47fc00a2c39e90264f33305004495a9","hash":"78515d2a0b413c4103f42bb2637bf0ab4e21d7b1"}
,"C:\\Users\\chshi\\.vscode\\Namaste-React\\src\\utils\\useOnlineStatus.js": {"path":"C:\\Users\\chshi\\.vscode\\Namaste-React\\src\\utils\\useOnlineStatus.js","statementMap":{"0":{"start":{"line":3,"column":24},"end":{"line":18,"column":1}},"1":{"start":{"line":5,"column":44},"end":{"line":5,"column":58}},"2":{"start":{"line":7,"column":4},"end":{"line":15,"column":10}},"3":{"start":{"line":8,"column":8},"end":{"line":10,"column":10}},"4":{"start":{"line":9,"column":12},"end":{"line":9,"column":35}},"5":{"start":{"line":12,"column":8},"end":{"line":14,"column":10}},"6":{"start":{"line":13,"column":12},"end":{"line":13,"column":35}},"7":{"start":{"line":17,"column":4},"end":{"line":17,"column":24}}},"fnMap":{"0":{"name":"(anonymous_0)","decl":{"start":{"line":3,"column":24},"end":{"line":3,"column":25}},"loc":{"start":{"line":3,"column":29},"end":{"line":18,"column":1}},"line":3},"1":{"name":"(anonymous_1)","decl":{"start":{"line":7,"column":14},"end":{"line":7,"column":15}},"loc":{"start":{"line":7,"column":18},"end":{"line":15,"column":5}},"line":7},"2":{"name":"(anonymous_2)","decl":{"start":{"line":8,"column":42},"end":{"line":8,"column":43}},"loc":{"start":{"line":8,"column":46},"end":{"line":10,"column":9}},"line":8},"3":{"name":"(anonymous_3)","decl":{"start":{"line":12,"column":41},"end":{"line":12,"column":42}},"loc":{"start":{"line":12,"column":45},"end":{"line":14,"column":9}},"line":12}},"branchMap":{},"s":{"0":2,"1":9,"2":9,"3":5,"4":0,"5":5,"6":0,"7":9},"f":{"0":9,"1":5,"2":0,"3":0},"b":{},"_coverageSchema":"1a1c01bbd47fc00a2c39e90264f33305004495a9","hash":"147470c66f245aab58b9186e0ad8281fa2487921"}
}
